Using pre-set license
Built from '2021.3/china_unity/release' branch; Version is '2021.3.5f1c1 (23e20ff61267) revision 2351631'; Using compiler version '192829333'; Build Type 'Release'
OS: 'Windows 11  (10.0.22631) 64bit Professional' Language: 'zh' Physical Memory: 32653 MB
BatchMode: 1, IsHumanControllingUs: 0, StartBugReporterOnCrash: 0, Is64bit: 1, IsPro: 1

COMMAND LINE ARGUMENTS:
C:\Users\sdb\Desktop\software\unityEditor\2021.3.5f1c1\Editor\Unity.exe
-adb2
-batchMode
-noUpm
-name
AssetImportWorker0
-projectPath
G:/UnityProjects/cardga
-logFile
Logs/AssetImportWorker0.log
-srvPort
51697
Successfully changed project path to: G:/UnityProjects/cardga
G:/UnityProjects/cardga
[UnityMemory] Configuration Parameters - Can be set up in boot.config
    "memorysetup-bucket-allocator-granularity=16"
    "memorysetup-bucket-allocator-bucket-count=8"
    "memorysetup-bucket-allocator-block-size=33554432"
    "memorysetup-bucket-allocator-block-count=8"
    "memorysetup-main-allocator-block-size=16777216"
    "memorysetup-thread-allocator-block-size=16777216"
    "memorysetup-gfx-main-allocator-block-size=16777216"
    "memorysetup-gfx-thread-allocator-block-size=16777216"
    "memorysetup-cache-allocator-block-size=4194304"
    "memorysetup-typetree-allocator-block-size=2097152"
    "memorysetup-profiler-bucket-allocator-granularity=16"
    "memorysetup-profiler-bucket-allocator-bucket-count=8"
    "memorysetup-profiler-bucket-allocator-block-size=33554432"
    "memorysetup-profiler-bucket-allocator-block-count=8"
    "memorysetup-profiler-allocator-block-size=16777216"
    "memorysetup-profiler-editor-allocator-block-size=1048576"
    "memorysetup-temp-allocator-size-main=16777216"
    "memorysetup-job-temp-allocator-block-size=2097152"
    "memorysetup-job-temp-allocator-block-size-background=1048576"
    "memorysetup-job-temp-allocator-reduction-small-platforms=262144"
    "memorysetup-temp-allocator-size-background-worker=32768"
    "memorysetup-temp-allocator-size-job-worker=262144"
    "memorysetup-temp-allocator-size-preload-manager=33554432"
    "memorysetup-temp-allocator-size-nav-mesh-worker=65536"
    "memorysetup-temp-allocator-size-audio-worker=65536"
    "memorysetup-temp-allocator-size-cloud-worker=32768"
    "memorysetup-temp-allocator-size-gi-baking-worker=262144"
    "memorysetup-temp-allocator-size-gfx=262144"
AS: AutoStreaming module initializing.
Refreshing native plugins compatible for Editor in 160.73 ms, found 5 plugins.
Preloading 0 native plugins for Editor in 0.00 ms.
Initialize engine version: 2021.3.5f1c1 (23e20ff61267)
[Subsystems] Discovering subsystems at path C:/Users/sdb/Desktop/software/unityEditor/2021.3.5f1c1/Editor/Data/Resources/UnitySubsystems
[Subsystems] Discovering subsystems at path G:/UnityProjects/cardga/Assets
GfxDevice: creating device client; threaded=0; jobified=0
Direct3D:
    Version:  Direct3D 11.0 [level 11.1]
    Renderer: NVIDIA GeForce RTX 3070 (ID=0x2488)
    Vendor:   NVIDIA
    VRAM:     8032 MB
    Driver:   31.0.15.3742
Initialize mono
Mono path[0] = 'C:/Users/sdb/Desktop/software/unityEditor/2021.3.5f1c1/Editor/Data/Managed'
Mono path[1] = 'C:/Users/sdb/Desktop/software/unityEditor/2021.3.5f1c1/Editor/Data/MonoBleedingEdge/lib/mono/unityjit-win32'
Mono config path = 'C:/Users/sdb/Desktop/software/unityEditor/2021.3.5f1c1/Editor/Data/MonoBleedingEdge/etc'
Using monoOptions --debugger-agent=transport=dt_socket,embedding=1,server=y,suspend=n,address=127.0.0.1:56032
Begin MonoManager ReloadAssembly
Registering precompiled unity dll's ...
Register platform support module: C:/Users/sdb/Desktop/software/unityEditor/2021.3.5f1c1/Editor/Data/PlaybackEngines/WebGLSupport/UnityEditor.WebGL.Extensions.dll
Register platform support module: C:/Users/sdb/Desktop/software/unityEditor/2021.3.5f1c1/Editor/Data/PlaybackEngines/WindowsStandaloneSupport/UnityEditor.WindowsStandalone.Extensions.dll
Registered in 0.037584 seconds.
Native extension for WindowsStandalone target not found
Native extension for WebGL target not found
Refreshing native plugins compatible for Editor in 107.40 ms, found 5 plugins.
Preloading 0 native plugins for Editor in 0.00 ms.
Mono: successfully reloaded assembly
- Completed reload, in  0.760 seconds
Domain Reload Profiling:
	ReloadAssembly (761ms)
		BeginReloadAssembly (134ms)
			ExecutionOrderSort (0ms)
			DisableScriptedObjects (0ms)
			BackupInstance (0ms)
			ReleaseScriptingObjects (0ms)
			CreateAndSetChildDomain (1ms)
		EndReloadAssembly (447ms)
			LoadAssemblies (117ms)
			RebuildTransferFunctionScriptingTraits (0ms)
			SetupTypeCache (88ms)
			ReleaseScriptCaches (0ms)
			RebuildScriptCaches (22ms)
			SetupLoadedEditorAssemblies (264ms)
				LogAssemblyErrors (0ms)
				InitializePlatformSupportModulesInManaged (16ms)
				SetLoadedEditorAssemblies (0ms)
				RefreshPlugins (107ms)
				BeforeProcessingInitializeOnLoad (1ms)
				ProcessInitializeOnLoadAttributes (99ms)
				ProcessInitializeOnLoadMethodAttributes (40ms)
				AfterProcessingInitializeOnLoad (0ms)
				EditorAssembliesLoaded (0ms)
			ExecutionOrderSort2 (0ms)
			AwakeInstancesAfterBackupRestoration (0ms)
Platform modules already initialized, skipping
Registering precompiled user dll's ...
Registered in 0.089313 seconds.
Begin MonoManager ReloadAssembly
Symbol file LoadedFromMemory doesn't match image G:\UnityProjects\cardga\Library\PackageCache\com.unity.visualscripting@1.7.8\Editor\VisualScripting.Core\Dependencies\DotNetZip\Unity.VisualScripting.IonicZip.dll
Symbol file LoadedFromMemory doesn't match image G:\UnityProjects\cardga\Library\PackageCache\com.unity.visualscripting@1.7.8\Editor\VisualScripting.Core\Dependencies\YamlDotNet\Unity.VisualScripting.YamlDotNet.dll
Native extension for WindowsStandalone target not found
Native extension for WebGL target not found
Refreshing native plugins compatible for Editor in 118.95 ms, found 5 plugins.
Preloading 0 native plugins for Editor in 0.00 ms.
System.Exception: Error! Visual Scripting: couldn't find visual scripting package
  at Unity.VisualScripting.PackageVersionUtility.get_version () [0x00025] in G:\UnityProjects\cardga\Library\PackageCache\com.unity.visualscripting@1.7.8\Editor\VisualScripting.Core\Utilities\PackageVersionUtility.cs:22 
  at Unity.VisualScripting.BoltCoreManifest.get_version () [0x00000] in G:\UnityProjects\cardga\Library\PackageCache\com.unity.visualscripting@1.7.8\Editor\VisualScripting.Core\Plugin\BoltCoreManifest.cs:11 
  at Unity.VisualScripting.PluginManifest.get_currentVersion () [0x00000] in G:\UnityProjects\cardga\Library\PackageCache\com.unity.visualscripting@1.7.8\Editor\VisualScripting.Core\Plugins\PluginManifest.cs:33 
  at Unity.VisualScripting.PluginManifest.get_versionMismatch () [0x00000] in G:\UnityProjects\cardga\Library\PackageCache\com.unity.visualscripting@1.7.8\Editor\VisualScripting.Core\Plugins\PluginManifest.cs:48 
  at Unity.VisualScripting.PluginContainer.Initialize () [0x0057d] in G:\UnityProjects\cardga\Library\PackageCache\com.unity.visualscripting@1.7.8\Editor\VisualScripting.Core\Plugins\PluginContainer.cs:208 
  at Unity.VisualScripting.PluginContainer.InitializeOnLoad () [0x00012] in G:\UnityProjects\cardga\Library\PackageCache\com.unity.visualscripting@1.7.8\Editor\VisualScripting.Core\Plugins\PluginContainer.cs:32 
  at Unity.VisualScripting.VSUsageUtility.DoInitializeOnLoadCalls () [0x00044] in G:\UnityProjects\cardga\Library\PackageCache\com.unity.visualscripting@1.7.8\Editor\VisualScripting.Core\Utilities\VSUsageUtility.cs:76 
  at Unity.VisualScripting.VSUsageUtility.set_isVisualScriptingUsed (System.Boolean value) [0x00037] in G:\UnityProjects\cardga\Library\PackageCache\com.unity.visualscripting@1.7.8\Editor\VisualScripting.Core\Utilities\VSUsageUtility.cs:114 
  at Unity.VisualScripting.VSUsageUtility.CheckAndSetIsVisualScriptingUsed () [0x0003f] in G:\UnityProjects\cardga\Library\PackageCache\com.unity.visualscripting@1.7.8\Editor\VisualScripting.Core\Utilities\VSUsageUtility.cs:48 
  at Unity.VisualScripting.VSUsageUtility..cctor () [0x0000d] in G:\UnityProjects\cardga\Library\PackageCache\com.unity.visualscripting@1.7.8\Editor\VisualScripting.Core\Utilities\VSUsageUtility.cs:22 
UnityEngine.StackTraceUtility:ExtractStackTrace ()
UnityEngine.DebugLogHandler:LogFormat (UnityEngine.LogType,UnityEngine.Object,string,object[])
UnityEngine.Logger:Log (UnityEngine.LogType,object)
UnityEngine.Debug:LogError (object)
UnityEditor.EditorAssemblies:ProcessInitializeOnLoadAttributes (System.Type[])

Mono: successfully reloaded assembly
- Completed reload, in  4.131 seconds
Domain Reload Profiling:
	ReloadAssembly (4132ms)
		BeginReloadAssembly (156ms)
			ExecutionOrderSort (0ms)
			DisableScriptedObjects (5ms)
			BackupInstance (0ms)
			ReleaseScriptingObjects (0ms)
			CreateAndSetChildDomain (17ms)
		EndReloadAssembly (3802ms)
			LoadAssemblies (189ms)
			RebuildTransferFunctionScriptingTraits (0ms)
			SetupTypeCache (430ms)
			ReleaseScriptCaches (1ms)
			RebuildScriptCaches (53ms)
			SetupLoadedEditorAssemblies (3090ms)
				LogAssemblyErrors (0ms)
				InitializePlatformSupportModulesInManaged (14ms)
				SetLoadedEditorAssemblies (0ms)
				RefreshPlugins (119ms)
				BeforeProcessingInitializeOnLoad (143ms)
				ProcessInitializeOnLoadAttributes (2695ms)
				ProcessInitializeOnLoadMethodAttributes (74ms)
				AfterProcessingInitializeOnLoad (45ms)
				EditorAssembliesLoaded (0ms)
			ExecutionOrderSort2 (0ms)
			AwakeInstancesAfterBackupRestoration (8ms)
Platform modules already initialized, skipping
========================================================================
Worker process is ready to serve import requests
Launched and connected shader compiler UnityShaderCompiler.exe after 0.05 seconds
Refreshing native plugins compatible for Editor in 1.22 ms, found 5 plugins.
Preloading 0 native plugins for Editor in 0.00 ms.
Unloading 5321 Unused Serialized files (Serialized files now loaded: 0)
Unloading 78 unused Assets / (85.4 KB). Loaded Objects now: 5798.
Memory consumption went from 193.7 MB to 193.6 MB.
Total: 29.040800 ms (FindLiveObjects: 0.373000 ms CreateObjectMapping: 0.129000 ms MarkObjects: 28.399100 ms  DeleteObjects: 0.138300 ms)

AssetImportParameters requested are different than current active one (requested -> active):
  custom:video-decoder-ogg-theora: a1e56fd34408186e4bbccfd4996cb3dc -> 
  custom:container-muxer-webm: aa71ff27fc2769a1b78a27578f13a17b -> 
  custom:container-demuxer-webm: 4f35f7cbe854078d1ac9338744f61a02 -> 
  custom:video-encoder-webm-vp8: eb34c28f22e8b96e1ab97ce403110664 -> 
  custom:audio-encoder-webm-vorbis: bf7c407c2cedff20999df2af8eb42d56 -> 
  custom:framework-win-MediaFoundation: 216162199b28c13a410421893ffa2e32 -> 
  custom:container-demuxer-ogg: 62fdf1f143b41e24485cea50d1cbac27 -> 
  custom:video-decoder-webm-vp8: 9c59270c3fd7afecdb556c50c9e8de78 -> 
  custom:audio-decoder-ogg-vorbis: bf7c407c2cedff20999df2af8eb42d56 -> 
========================================================================
Received Import Request.
  Time since last request: 465.520263 seconds.
  path: Assets/Scripts/Objects/GameObj/建筑/餐厅/CookAct.cs
  artifactKey: Guid(c756eed1fd7c4ce4ea9707d08816a1c2) Importer(815301076,1909f56bfc062723c751e8b465ee728b)
Start importing Assets/Scripts/Objects/GameObj/建筑/餐厅/CookAct.cs using Guid(c756eed1fd7c4ce4ea9707d08816a1c2) Importer(815301076,1909f56bfc062723c751e8b465ee728b)  -> (artifact id: 'ce96998f00e5a7db9e83e4d40bee563a') in 0.048315 seconds 
========================================================================
Received Import Request.
  Time since last request: 337.424596 seconds.
  path: Assets/Scripts/Objects/GameObj/建筑/餐厅/CookAct.cs
  artifactKey: Guid(c756eed1fd7c4ce4ea9707d08816a1c2) Importer(815301076,1909f56bfc062723c751e8b465ee728b)
Start importing Assets/Scripts/Objects/GameObj/建筑/餐厅/CookAct.cs using Guid(c756eed1fd7c4ce4ea9707d08816a1c2) Importer(815301076,1909f56bfc062723c751e8b465ee728b)  -> (artifact id: 'af9c13adb7329a08b7e5721e818ef65e') in 0.002992 seconds 
========================================================================
Received Import Request.
  Time since last request: 17.142563 seconds.
  path: Assets/Scripts/Objects/GameObj/建筑/餐厅/CookAct.cs
  artifactKey: Guid(c756eed1fd7c4ce4ea9707d08816a1c2) Importer(815301076,1909f56bfc062723c751e8b465ee728b)
Start importing Assets/Scripts/Objects/GameObj/建筑/餐厅/CookAct.cs using Guid(c756eed1fd7c4ce4ea9707d08816a1c2) Importer(815301076,1909f56bfc062723c751e8b465ee728b)  -> (artifact id: '1882cad736b9b14454ff1eeeb64937af') in 0.002678 seconds 
========================================================================
Received Import Request.
  Time since last request: 25.162241 seconds.
  path: Assets/Scripts/Objects/GameObj/建筑/餐厅/CookAct.cs
  artifactKey: Guid(c756eed1fd7c4ce4ea9707d08816a1c2) Importer(815301076,1909f56bfc062723c751e8b465ee728b)
Start importing Assets/Scripts/Objects/GameObj/建筑/餐厅/CookAct.cs using Guid(c756eed1fd7c4ce4ea9707d08816a1c2) Importer(815301076,1909f56bfc062723c751e8b465ee728b)  -> (artifact id: 'f1d9f958857235ca967b461280756466') in 0.003601 seconds 
========================================================================
Received Import Request.
  Time since last request: 305.306654 seconds.
  path: Assets/Scripts/Objects/GameObj/建筑/餐厅/CookAct.cs
  artifactKey: Guid(c756eed1fd7c4ce4ea9707d08816a1c2) Importer(815301076,1909f56bfc062723c751e8b465ee728b)
Start importing Assets/Scripts/Objects/GameObj/建筑/餐厅/CookAct.cs using Guid(c756eed1fd7c4ce4ea9707d08816a1c2) Importer(815301076,1909f56bfc062723c751e8b465ee728b)  -> (artifact id: 'dccc3e9255d7144757225aaca7eb428f') in 0.003165 seconds 
========================================================================
Received Import Request.
  Time since last request: 9.858709 seconds.
  path: Assets/Scripts/Objects/GameObj/建筑/餐厅/CookAct.cs
  artifactKey: Guid(c756eed1fd7c4ce4ea9707d08816a1c2) Importer(815301076,1909f56bfc062723c751e8b465ee728b)
Start importing Assets/Scripts/Objects/GameObj/建筑/餐厅/CookAct.cs using Guid(c756eed1fd7c4ce4ea9707d08816a1c2) Importer(815301076,1909f56bfc062723c751e8b465ee728b)  -> (artifact id: 'da2ae1a3ae9f892174160b51128329e3') in 0.003417 seconds 
========================================================================
Received Import Request.
  Time since last request: 8.712115 seconds.
  path: Assets/Scripts/Objects/GameObj/建筑/餐厅/CookAct.cs
  artifactKey: Guid(c756eed1fd7c4ce4ea9707d08816a1c2) Importer(815301076,1909f56bfc062723c751e8b465ee728b)
Start importing Assets/Scripts/Objects/GameObj/建筑/餐厅/CookAct.cs using Guid(c756eed1fd7c4ce4ea9707d08816a1c2) Importer(815301076,1909f56bfc062723c751e8b465ee728b)  -> (artifact id: 'e8dab0c3660f8c24d3a699b59885a052') in 0.003080 seconds 
========================================================================
Received Import Request.
  Time since last request: 34.027018 seconds.
  path: Assets/Scripts/Objects/GameObj/建筑/餐厅/CookAct.cs
  artifactKey: Guid(c756eed1fd7c4ce4ea9707d08816a1c2) Importer(815301076,1909f56bfc062723c751e8b465ee728b)
Start importing Assets/Scripts/Objects/GameObj/建筑/餐厅/CookAct.cs using Guid(c756eed1fd7c4ce4ea9707d08816a1c2) Importer(815301076,1909f56bfc062723c751e8b465ee728b)  -> (artifact id: 'e881931a77349228fab1dcfd7461f4e6') in 0.003323 seconds 
========================================================================
Received Import Request.
  Time since last request: 10.421477 seconds.
  path: Assets/Scripts/Objects/GameObj/建筑/餐厅/CookAct.cs
  artifactKey: Guid(c756eed1fd7c4ce4ea9707d08816a1c2) Importer(815301076,1909f56bfc062723c751e8b465ee728b)
Start importing Assets/Scripts/Objects/GameObj/建筑/餐厅/CookAct.cs using Guid(c756eed1fd7c4ce4ea9707d08816a1c2) Importer(815301076,1909f56bfc062723c751e8b465ee728b)  -> (artifact id: 'dec81d4bbe809994acbb5b72739da48a') in 0.002750 seconds 
========================================================================
Received Import Request.
  Time since last request: 31.202583 seconds.
  path: Assets/Scripts/Objects/GameObj/建筑/餐厅/CookAct.cs
  artifactKey: Guid(c756eed1fd7c4ce4ea9707d08816a1c2) Importer(815301076,1909f56bfc062723c751e8b465ee728b)
Start importing Assets/Scripts/Objects/GameObj/建筑/餐厅/CookAct.cs using Guid(c756eed1fd7c4ce4ea9707d08816a1c2) Importer(815301076,1909f56bfc062723c751e8b465ee728b)  -> (artifact id: 'c7256f6ec130808e7e34402587b1361c') in 0.002848 seconds 
========================================================================
Received Import Request.
  Time since last request: 11.603288 seconds.
  path: Assets/Scripts/Objects/GameObj/建筑/餐厅/CookAct.cs
  artifactKey: Guid(c756eed1fd7c4ce4ea9707d08816a1c2) Importer(815301076,1909f56bfc062723c751e8b465ee728b)
Start importing Assets/Scripts/Objects/GameObj/建筑/餐厅/CookAct.cs using Guid(c756eed1fd7c4ce4ea9707d08816a1c2) Importer(815301076,1909f56bfc062723c751e8b465ee728b)  -> (artifact id: '257dfd772204a1371d233ecdb953f50a') in 0.002767 seconds 
========================================================================
Received Import Request.
  Time since last request: 13.056554 seconds.
  path: Assets/Scripts/Objects/GameObj/建筑/餐厅/CookAct.cs
  artifactKey: Guid(c756eed1fd7c4ce4ea9707d08816a1c2) Importer(815301076,1909f56bfc062723c751e8b465ee728b)
Start importing Assets/Scripts/Objects/GameObj/建筑/餐厅/CookAct.cs using Guid(c756eed1fd7c4ce4ea9707d08816a1c2) Importer(815301076,1909f56bfc062723c751e8b465ee728b)  -> (artifact id: 'c88a5d44a802d4740b4eff375dfcc6da') in 0.002685 seconds 
========================================================================
Received Import Request.
  Time since last request: 5.336991 seconds.
  path: Assets/Scripts/Objects/GameObj/建筑/餐厅/CookAct.cs
  artifactKey: Guid(c756eed1fd7c4ce4ea9707d08816a1c2) Importer(815301076,1909f56bfc062723c751e8b465ee728b)
Start importing Assets/Scripts/Objects/GameObj/建筑/餐厅/CookAct.cs using Guid(c756eed1fd7c4ce4ea9707d08816a1c2) Importer(815301076,1909f56bfc062723c751e8b465ee728b)  -> (artifact id: '14a29f05f66dabe6c00d3897787c585e') in 0.002854 seconds 
========================================================================
Received Import Request.
  Time since last request: 57.025600 seconds.
  path: Assets/Scripts/Objects/GameObj/建筑/餐厅/CookAct.cs
  artifactKey: Guid(c756eed1fd7c4ce4ea9707d08816a1c2) Importer(815301076,1909f56bfc062723c751e8b465ee728b)
Start importing Assets/Scripts/Objects/GameObj/建筑/餐厅/CookAct.cs using Guid(c756eed1fd7c4ce4ea9707d08816a1c2) Importer(815301076,1909f56bfc062723c751e8b465ee728b)  -> (artifact id: '459ef188ecf7cbbdedcf5d2ea172a2c6') in 0.004691 seconds 
========================================================================
Received Import Request.
  Time since last request: 93.962407 seconds.
  path: Assets/Scripts/Objects/GameObj/建筑/餐厅/CookAct.cs
  artifactKey: Guid(c756eed1fd7c4ce4ea9707d08816a1c2) Importer(815301076,1909f56bfc062723c751e8b465ee728b)
Start importing Assets/Scripts/Objects/GameObj/建筑/餐厅/CookAct.cs using Guid(c756eed1fd7c4ce4ea9707d08816a1c2) Importer(815301076,1909f56bfc062723c751e8b465ee728b)  -> (artifact id: '9afd8738a995de3a121f5a4d71f50dfa') in 0.002872 seconds 
========================================================================
Received Import Request.
  Time since last request: 2.763291 seconds.
  path: Assets/Scripts/Objects/GameObj/建筑/餐厅/CookAct.cs
  artifactKey: Guid(c756eed1fd7c4ce4ea9707d08816a1c2) Importer(815301076,1909f56bfc062723c751e8b465ee728b)
Start importing Assets/Scripts/Objects/GameObj/建筑/餐厅/CookAct.cs using Guid(c756eed1fd7c4ce4ea9707d08816a1c2) Importer(815301076,1909f56bfc062723c751e8b465ee728b)  -> (artifact id: '6f22ccce080e1273a8465023cd2c2cf6') in 0.002784 seconds 
========================================================================
Received Import Request.
  Time since last request: 4.351936 seconds.
  path: Assets/Scripts/Objects/GameObj/建筑/餐厅/CookAct.cs
  artifactKey: Guid(c756eed1fd7c4ce4ea9707d08816a1c2) Importer(815301076,1909f56bfc062723c751e8b465ee728b)
Start importing Assets/Scripts/Objects/GameObj/建筑/餐厅/CookAct.cs using Guid(c756eed1fd7c4ce4ea9707d08816a1c2) Importer(815301076,1909f56bfc062723c751e8b465ee728b)  -> (artifact id: '5db578f2fcb344f96112f653fbe40f5b') in 0.002818 seconds 
========================================================================
Received Import Request.
  Time since last request: 8.426799 seconds.
  path: Assets/Scripts/Objects/GameObj/建筑/餐厅/CookAct.cs
  artifactKey: Guid(c756eed1fd7c4ce4ea9707d08816a1c2) Importer(815301076,1909f56bfc062723c751e8b465ee728b)
Start importing Assets/Scripts/Objects/GameObj/建筑/餐厅/CookAct.cs using Guid(c756eed1fd7c4ce4ea9707d08816a1c2) Importer(815301076,1909f56bfc062723c751e8b465ee728b)  -> (artifact id: '68df6e8724e8fe02a4e800300049a200') in 0.002696 seconds 
========================================================================
Received Import Request.
  Time since last request: 10.664067 seconds.
  path: Assets/Scripts/Objects/GameObj/建筑/餐厅/CookAct.cs
  artifactKey: Guid(c756eed1fd7c4ce4ea9707d08816a1c2) Importer(815301076,1909f56bfc062723c751e8b465ee728b)
Start importing Assets/Scripts/Objects/GameObj/建筑/餐厅/CookAct.cs using Guid(c756eed1fd7c4ce4ea9707d08816a1c2) Importer(815301076,1909f56bfc062723c751e8b465ee728b)  -> (artifact id: 'c02074ad47ea7b13fdc38da07fb68fdb') in 0.002928 seconds 
========================================================================
Received Import Request.
  Time since last request: 16.615801 seconds.
  path: Assets/Scripts/Objects/GameObj/建筑/餐厅/CookAct.cs
  artifactKey: Guid(c756eed1fd7c4ce4ea9707d08816a1c2) Importer(815301076,1909f56bfc062723c751e8b465ee728b)
Start importing Assets/Scripts/Objects/GameObj/建筑/餐厅/CookAct.cs using Guid(c756eed1fd7c4ce4ea9707d08816a1c2) Importer(815301076,1909f56bfc062723c751e8b465ee728b)  -> (artifact id: 'de84b80ab714bde5c30f5cc7d567cd29') in 0.002815 seconds 
========================================================================
Received Import Request.
  Time since last request: 27.135815 seconds.
  path: Assets/Scripts/Objects/GameObj/建筑/餐厅/CookAct.cs
  artifactKey: Guid(c756eed1fd7c4ce4ea9707d08816a1c2) Importer(815301076,1909f56bfc062723c751e8b465ee728b)
Start importing Assets/Scripts/Objects/GameObj/建筑/餐厅/CookAct.cs using Guid(c756eed1fd7c4ce4ea9707d08816a1c2) Importer(815301076,1909f56bfc062723c751e8b465ee728b)  -> (artifact id: '6d7cb5f98177a08bfd9dfe1d09b7b0ea') in 0.003498 seconds 
========================================================================
Received Import Request.
  Time since last request: 10.222190 seconds.
  path: Assets/Scripts/Objects/GameObj/建筑/餐厅/CookAct.cs
  artifactKey: Guid(c756eed1fd7c4ce4ea9707d08816a1c2) Importer(815301076,1909f56bfc062723c751e8b465ee728b)
Start importing Assets/Scripts/Objects/GameObj/建筑/餐厅/CookAct.cs using Guid(c756eed1fd7c4ce4ea9707d08816a1c2) Importer(815301076,1909f56bfc062723c751e8b465ee728b)  -> (artifact id: '8f78949b90f65cdd752eb90a0b6d2f5f') in 0.002963 seconds 
========================================================================
Received Import Request.
  Time since last request: 4.878008 seconds.
  path: Assets/Scripts/Objects/GameObj/建筑/餐厅/CookAct.cs
  artifactKey: Guid(c756eed1fd7c4ce4ea9707d08816a1c2) Importer(815301076,1909f56bfc062723c751e8b465ee728b)
Start importing Assets/Scripts/Objects/GameObj/建筑/餐厅/CookAct.cs using Guid(c756eed1fd7c4ce4ea9707d08816a1c2) Importer(815301076,1909f56bfc062723c751e8b465ee728b)  -> (artifact id: '43ba1b3c98e3202b2b22330eccf62812') in 0.002799 seconds 
========================================================================
Received Import Request.
  Time since last request: 132.860593 seconds.
  path: Assets/Scripts/Objects/GameObj/建筑/餐厅/CookAct.cs
  artifactKey: Guid(c756eed1fd7c4ce4ea9707d08816a1c2) Importer(815301076,1909f56bfc062723c751e8b465ee728b)
Start importing Assets/Scripts/Objects/GameObj/建筑/餐厅/CookAct.cs using Guid(c756eed1fd7c4ce4ea9707d08816a1c2) Importer(815301076,1909f56bfc062723c751e8b465ee728b)  -> (artifact id: 'f015f6c680fa02c875cefb37f9a92b86') in 0.002704 seconds 
========================================================================
Received Import Request.
  Time since last request: 41.804978 seconds.
  path: Assets/Scripts/Objects/GameObj/建筑/餐厅/CookAct.cs
  artifactKey: Guid(c756eed1fd7c4ce4ea9707d08816a1c2) Importer(815301076,1909f56bfc062723c751e8b465ee728b)
Start importing Assets/Scripts/Objects/GameObj/建筑/餐厅/CookAct.cs using Guid(c756eed1fd7c4ce4ea9707d08816a1c2) Importer(815301076,1909f56bfc062723c751e8b465ee728b)  -> (artifact id: '237247c05a8b8ea4f9bed0bed65f27d4') in 0.002724 seconds 
========================================================================
Received Import Request.
  Time since last request: 13.761722 seconds.
  path: Assets/Scripts/Objects/GameObj/建筑/餐厅/CookAct.cs
  artifactKey: Guid(c756eed1fd7c4ce4ea9707d08816a1c2) Importer(815301076,1909f56bfc062723c751e8b465ee728b)
Start importing Assets/Scripts/Objects/GameObj/建筑/餐厅/CookAct.cs using Guid(c756eed1fd7c4ce4ea9707d08816a1c2) Importer(815301076,1909f56bfc062723c751e8b465ee728b)  -> (artifact id: '9bc47ced23010dae67853b5893214832') in 0.003257 seconds 
========================================================================
Received Import Request.
  Time since last request: 21.050724 seconds.
  path: Assets/Scripts/Objects/GameObj/建筑/餐厅/CookAct.cs
  artifactKey: Guid(c756eed1fd7c4ce4ea9707d08816a1c2) Importer(815301076,1909f56bfc062723c751e8b465ee728b)
Start importing Assets/Scripts/Objects/GameObj/建筑/餐厅/CookAct.cs using Guid(c756eed1fd7c4ce4ea9707d08816a1c2) Importer(815301076,1909f56bfc062723c751e8b465ee728b)  -> (artifact id: '1c990716c91e23e4d0b98f9368b44e2c') in 0.002730 seconds 
========================================================================
Received Import Request.
  Time since last request: 11.838658 seconds.
  path: Assets/Scripts/Objects/GameObj/建筑/餐厅/CookAct.cs
  artifactKey: Guid(c756eed1fd7c4ce4ea9707d08816a1c2) Importer(815301076,1909f56bfc062723c751e8b465ee728b)
Start importing Assets/Scripts/Objects/GameObj/建筑/餐厅/CookAct.cs using Guid(c756eed1fd7c4ce4ea9707d08816a1c2) Importer(815301076,1909f56bfc062723c751e8b465ee728b)  -> (artifact id: 'c090d2e3f3cb801b5039658275edbf73') in 0.002676 seconds 
========================================================================
Received Import Request.
  Time since last request: 5.984556 seconds.
  path: Assets/Scripts/Objects/GameObj/建筑/餐厅/CookAct.cs
  artifactKey: Guid(c756eed1fd7c4ce4ea9707d08816a1c2) Importer(815301076,1909f56bfc062723c751e8b465ee728b)
Start importing Assets/Scripts/Objects/GameObj/建筑/餐厅/CookAct.cs using Guid(c756eed1fd7c4ce4ea9707d08816a1c2) Importer(815301076,1909f56bfc062723c751e8b465ee728b)  -> (artifact id: '492d9156231f965709192d2a75c7f7a4') in 0.003089 seconds 
========================================================================
Received Import Request.
  Time since last request: 146.802007 seconds.
  path: Assets/Scripts/Objects/GameObj/建筑/餐厅/CookAct.cs
  artifactKey: Guid(c756eed1fd7c4ce4ea9707d08816a1c2) Importer(815301076,1909f56bfc062723c751e8b465ee728b)
Start importing Assets/Scripts/Objects/GameObj/建筑/餐厅/CookAct.cs using Guid(c756eed1fd7c4ce4ea9707d08816a1c2) Importer(815301076,1909f56bfc062723c751e8b465ee728b)  -> (artifact id: '22ffadf2c74e154382babbf5bebb8300') in 0.003520 seconds 
========================================================================
Received Import Request.
  Time since last request: 8.702645 seconds.
  path: Assets/Scripts/Objects/GameObj/建筑/餐厅/CookAct.cs
  artifactKey: Guid(c756eed1fd7c4ce4ea9707d08816a1c2) Importer(815301076,1909f56bfc062723c751e8b465ee728b)
Start importing Assets/Scripts/Objects/GameObj/建筑/餐厅/CookAct.cs using Guid(c756eed1fd7c4ce4ea9707d08816a1c2) Importer(815301076,1909f56bfc062723c751e8b465ee728b)  -> (artifact id: '93039d5333b1ce2309bd797659a1e419') in 0.003659 seconds 
========================================================================
Received Import Request.
  Time since last request: 6.457128 seconds.
  path: Assets/Scripts/Objects/GameObj/建筑/餐厅/CookAct.cs
  artifactKey: Guid(c756eed1fd7c4ce4ea9707d08816a1c2) Importer(815301076,1909f56bfc062723c751e8b465ee728b)
Start importing Assets/Scripts/Objects/GameObj/建筑/餐厅/CookAct.cs using Guid(c756eed1fd7c4ce4ea9707d08816a1c2) Importer(815301076,1909f56bfc062723c751e8b465ee728b)  -> (artifact id: 'a8017aa30388350cf9e30cccdfe24f41') in 0.004467 seconds 
========================================================================
Received Import Request.
  Time since last request: 4.012783 seconds.
  path: Assets/Scripts/Objects/GameObj/建筑/餐厅/CookAct.cs
  artifactKey: Guid(c756eed1fd7c4ce4ea9707d08816a1c2) Importer(815301076,1909f56bfc062723c751e8b465ee728b)
Start importing Assets/Scripts/Objects/GameObj/建筑/餐厅/CookAct.cs using Guid(c756eed1fd7c4ce4ea9707d08816a1c2) Importer(815301076,1909f56bfc062723c751e8b465ee728b)  -> (artifact id: '3a7a4f7a4a1bf76cef0a6df13865e1dc') in 0.002710 seconds 
========================================================================
Received Import Request.
  Time since last request: 7.741739 seconds.
  path: Assets/Scripts/Objects/GameObj/建筑/餐厅/CookAct.cs
  artifactKey: Guid(c756eed1fd7c4ce4ea9707d08816a1c2) Importer(815301076,1909f56bfc062723c751e8b465ee728b)
Start importing Assets/Scripts/Objects/GameObj/建筑/餐厅/CookAct.cs using Guid(c756eed1fd7c4ce4ea9707d08816a1c2) Importer(815301076,1909f56bfc062723c751e8b465ee728b)  -> (artifact id: '0189068842bc88dbbacbb1c0462e462b') in 0.003057 seconds 
========================================================================
Received Import Request.
  Time since last request: 13.232308 seconds.
  path: Assets/Scripts/Objects/GameObj/建筑/餐厅/CookAct.cs
  artifactKey: Guid(c756eed1fd7c4ce4ea9707d08816a1c2) Importer(815301076,1909f56bfc062723c751e8b465ee728b)
Start importing Assets/Scripts/Objects/GameObj/建筑/餐厅/CookAct.cs using Guid(c756eed1fd7c4ce4ea9707d08816a1c2) Importer(815301076,1909f56bfc062723c751e8b465ee728b)  -> (artifact id: 'd9ee2890e10c9557694482449bceee01') in 0.003771 seconds 
========================================================================
Received Import Request.
  Time since last request: 2.881524 seconds.
  path: Assets/Scripts/Objects/GameObj/建筑/餐厅/CookAct.cs
  artifactKey: Guid(c756eed1fd7c4ce4ea9707d08816a1c2) Importer(815301076,1909f56bfc062723c751e8b465ee728b)
Start importing Assets/Scripts/Objects/GameObj/建筑/餐厅/CookAct.cs using Guid(c756eed1fd7c4ce4ea9707d08816a1c2) Importer(815301076,1909f56bfc062723c751e8b465ee728b)  -> (artifact id: '60c950e1f8e53c7ba34a5c7e86b16718') in 0.003087 seconds 
========================================================================
Received Import Request.
  Time since last request: 5.749060 seconds.
  path: Assets/Scripts/Objects/GameObj/建筑/餐厅/CookAct.cs
  artifactKey: Guid(c756eed1fd7c4ce4ea9707d08816a1c2) Importer(815301076,1909f56bfc062723c751e8b465ee728b)
Start importing Assets/Scripts/Objects/GameObj/建筑/餐厅/CookAct.cs using Guid(c756eed1fd7c4ce4ea9707d08816a1c2) Importer(815301076,1909f56bfc062723c751e8b465ee728b)  -> (artifact id: 'f2290d38ec0107468764cc5fac3947ff') in 0.002666 seconds 
========================================================================
Received Import Request.
  Time since last request: 8.823428 seconds.
  path: Assets/Scripts/Objects/GameObj/建筑/餐厅/CookAct.cs
  artifactKey: Guid(c756eed1fd7c4ce4ea9707d08816a1c2) Importer(815301076,1909f56bfc062723c751e8b465ee728b)
Start importing Assets/Scripts/Objects/GameObj/建筑/餐厅/CookAct.cs using Guid(c756eed1fd7c4ce4ea9707d08816a1c2) Importer(815301076,1909f56bfc062723c751e8b465ee728b)  -> (artifact id: '25eb73fe42354f5a31fac077fa19b2fb') in 0.003084 seconds 
========================================================================
Received Import Request.
  Time since last request: 3.265535 seconds.
  path: Assets/Scripts/Objects/GameObj/建筑/餐厅/CookAct.cs
  artifactKey: Guid(c756eed1fd7c4ce4ea9707d08816a1c2) Importer(815301076,1909f56bfc062723c751e8b465ee728b)
Start importing Assets/Scripts/Objects/GameObj/建筑/餐厅/CookAct.cs using Guid(c756eed1fd7c4ce4ea9707d08816a1c2) Importer(815301076,1909f56bfc062723c751e8b465ee728b)  -> (artifact id: '7e9463a0bad4021e85d17a03a17b9fd2') in 0.002672 seconds 
========================================================================
Received Import Request.
  Time since last request: 3.882530 seconds.
  path: Assets/Scripts/Objects/GameObj/建筑/餐厅/CookAct.cs
  artifactKey: Guid(c756eed1fd7c4ce4ea9707d08816a1c2) Importer(815301076,1909f56bfc062723c751e8b465ee728b)
Start importing Assets/Scripts/Objects/GameObj/建筑/餐厅/CookAct.cs using Guid(c756eed1fd7c4ce4ea9707d08816a1c2) Importer(815301076,1909f56bfc062723c751e8b465ee728b)  -> (artifact id: 'd1986f060cdb18fd2f4f1115dfa41ee4') in 0.002970 seconds 
========================================================================
Received Import Request.
  Time since last request: 82.219809 seconds.
  path: Assets/Scripts/Objects/GameObj/建筑/餐厅/CookAct.cs
  artifactKey: Guid(c756eed1fd7c4ce4ea9707d08816a1c2) Importer(815301076,1909f56bfc062723c751e8b465ee728b)
Start importing Assets/Scripts/Objects/GameObj/建筑/餐厅/CookAct.cs using Guid(c756eed1fd7c4ce4ea9707d08816a1c2) Importer(815301076,1909f56bfc062723c751e8b465ee728b)  -> (artifact id: 'f491aa10a7ab71fed5004e738d28adc5') in 0.002671 seconds 
========================================================================
Received Import Request.
  Time since last request: 18.184892 seconds.
  path: Assets/Scripts/Objects/GameObj/建筑/餐厅/CookAct.cs
  artifactKey: Guid(c756eed1fd7c4ce4ea9707d08816a1c2) Importer(815301076,1909f56bfc062723c751e8b465ee728b)
Start importing Assets/Scripts/Objects/GameObj/建筑/餐厅/CookAct.cs using Guid(c756eed1fd7c4ce4ea9707d08816a1c2) Importer(815301076,1909f56bfc062723c751e8b465ee728b)  -> (artifact id: '957c48a4c89da5973b49f589aa14bab8') in 0.003043 seconds 
========================================================================
Received Import Request.
  Time since last request: 5.059811 seconds.
  path: Assets/Scripts/Objects/GameObj/建筑/餐厅/CookAct.cs
  artifactKey: Guid(c756eed1fd7c4ce4ea9707d08816a1c2) Importer(815301076,1909f56bfc062723c751e8b465ee728b)
Start importing Assets/Scripts/Objects/GameObj/建筑/餐厅/CookAct.cs using Guid(c756eed1fd7c4ce4ea9707d08816a1c2) Importer(815301076,1909f56bfc062723c751e8b465ee728b)  -> (artifact id: 'c81f2c83312f510d90d1f94fa139b3a2') in 0.002980 seconds 
========================================================================
Received Import Request.
  Time since last request: 81.564281 seconds.
  path: Assets/Scripts/Objects/GameObj/建筑/餐厅/CookAct.cs
  artifactKey: Guid(c756eed1fd7c4ce4ea9707d08816a1c2) Importer(815301076,1909f56bfc062723c751e8b465ee728b)
Start importing Assets/Scripts/Objects/GameObj/建筑/餐厅/CookAct.cs using Guid(c756eed1fd7c4ce4ea9707d08816a1c2) Importer(815301076,1909f56bfc062723c751e8b465ee728b)  -> (artifact id: 'e21ed5060911af77915a0bba11ce615d') in 0.003033 seconds 
========================================================================
Received Import Request.
  Time since last request: 28.740244 seconds.
  path: Assets/Scripts/Objects/GameObj/建筑/餐厅/CookAct.cs
  artifactKey: Guid(c756eed1fd7c4ce4ea9707d08816a1c2) Importer(815301076,1909f56bfc062723c751e8b465ee728b)
Start importing Assets/Scripts/Objects/GameObj/建筑/餐厅/CookAct.cs using Guid(c756eed1fd7c4ce4ea9707d08816a1c2) Importer(815301076,1909f56bfc062723c751e8b465ee728b)  -> (artifact id: '209fcf251b81876a25979098a7419d65') in 0.002897 seconds 
========================================================================
Received Import Request.
  Time since last request: 24.050250 seconds.
  path: Assets/Scripts/Objects/GameObj/建筑/餐厅/CookAct.cs
  artifactKey: Guid(c756eed1fd7c4ce4ea9707d08816a1c2) Importer(815301076,1909f56bfc062723c751e8b465ee728b)
Start importing Assets/Scripts/Objects/GameObj/建筑/餐厅/CookAct.cs using Guid(c756eed1fd7c4ce4ea9707d08816a1c2) Importer(815301076,1909f56bfc062723c751e8b465ee728b)  -> (artifact id: '928efe55e4f0bac0b3f67e51b0d396ff') in 0.003805 seconds 
========================================================================
Received Import Request.
  Time since last request: 11.016903 seconds.
  path: Assets/Scripts/Objects/GameObj/建筑/餐厅/CookAct.cs
  artifactKey: Guid(c756eed1fd7c4ce4ea9707d08816a1c2) Importer(815301076,1909f56bfc062723c751e8b465ee728b)
Start importing Assets/Scripts/Objects/GameObj/建筑/餐厅/CookAct.cs using Guid(c756eed1fd7c4ce4ea9707d08816a1c2) Importer(815301076,1909f56bfc062723c751e8b465ee728b)  -> (artifact id: '2ed16c07b31569f034f1515d60fa9bca') in 0.002835 seconds 
========================================================================
Received Import Request.
  Time since last request: 26.406566 seconds.
  path: Assets/Scripts/Objects/GameObj/建筑/餐厅/CookAct.cs
  artifactKey: Guid(c756eed1fd7c4ce4ea9707d08816a1c2) Importer(815301076,1909f56bfc062723c751e8b465ee728b)
Start importing Assets/Scripts/Objects/GameObj/建筑/餐厅/CookAct.cs using Guid(c756eed1fd7c4ce4ea9707d08816a1c2) Importer(815301076,1909f56bfc062723c751e8b465ee728b)  -> (artifact id: '53c818d1e7d9b5a2f511976baf984c3c') in 0.002867 seconds 
========================================================================
Received Import Request.
  Time since last request: 12.741710 seconds.
  path: Assets/Scripts/Objects/GameObj/建筑/餐厅/CookAct.cs
  artifactKey: Guid(c756eed1fd7c4ce4ea9707d08816a1c2) Importer(815301076,1909f56bfc062723c751e8b465ee728b)
Start importing Assets/Scripts/Objects/GameObj/建筑/餐厅/CookAct.cs using Guid(c756eed1fd7c4ce4ea9707d08816a1c2) Importer(815301076,1909f56bfc062723c751e8b465ee728b)  -> (artifact id: '234c120fd291fc94e5bf7d5c59b4e3b4') in 0.003012 seconds 
========================================================================
Received Import Request.
  Time since last request: 2.318938 seconds.
  path: Assets/Scripts/Objects/GameObj/建筑/餐厅/CookAct.cs
  artifactKey: Guid(c756eed1fd7c4ce4ea9707d08816a1c2) Importer(815301076,1909f56bfc062723c751e8b465ee728b)
Start importing Assets/Scripts/Objects/GameObj/建筑/餐厅/CookAct.cs using Guid(c756eed1fd7c4ce4ea9707d08816a1c2) Importer(815301076,1909f56bfc062723c751e8b465ee728b)  -> (artifact id: 'c3acf971acffd16758c88fdda2766f8d') in 0.002680 seconds 
========================================================================
Received Import Request.
  Time since last request: 7.062748 seconds.
  path: Assets/Scripts/Objects/GameObj/建筑/餐厅/CookAct.cs
  artifactKey: Guid(c756eed1fd7c4ce4ea9707d08816a1c2) Importer(815301076,1909f56bfc062723c751e8b465ee728b)
Start importing Assets/Scripts/Objects/GameObj/建筑/餐厅/CookAct.cs using Guid(c756eed1fd7c4ce4ea9707d08816a1c2) Importer(815301076,1909f56bfc062723c751e8b465ee728b)  -> (artifact id: '5561e8d0379e43ae43ffa467349e93ee') in 0.002943 seconds 
========================================================================
Received Import Request.
  Time since last request: 11.236501 seconds.
  path: Assets/Scripts/Objects/GameObj/建筑/餐厅/CookAct.cs
  artifactKey: Guid(c756eed1fd7c4ce4ea9707d08816a1c2) Importer(815301076,1909f56bfc062723c751e8b465ee728b)
Start importing Assets/Scripts/Objects/GameObj/建筑/餐厅/CookAct.cs using Guid(c756eed1fd7c4ce4ea9707d08816a1c2) Importer(815301076,1909f56bfc062723c751e8b465ee728b)  -> (artifact id: '66f75fcdbe4d719e65b8879ea155af0c') in 0.008696 seconds 
========================================================================
Received Import Request.
  Time since last request: 3.990604 seconds.
  path: Assets/Scripts/Objects/GameObj/建筑/餐厅/CookAct.cs
  artifactKey: Guid(c756eed1fd7c4ce4ea9707d08816a1c2) Importer(815301076,1909f56bfc062723c751e8b465ee728b)
Start importing Assets/Scripts/Objects/GameObj/建筑/餐厅/CookAct.cs using Guid(c756eed1fd7c4ce4ea9707d08816a1c2) Importer(815301076,1909f56bfc062723c751e8b465ee728b)  -> (artifact id: 'b4a42cd80b57d44379ca0ec8f0b1fe8f') in 0.002822 seconds 
========================================================================
Received Import Request.
  Time since last request: 19.222024 seconds.
  path: Assets/Scripts/Objects/GameObj/建筑/餐厅/CookAct.cs
  artifactKey: Guid(c756eed1fd7c4ce4ea9707d08816a1c2) Importer(815301076,1909f56bfc062723c751e8b465ee728b)
Start importing Assets/Scripts/Objects/GameObj/建筑/餐厅/CookAct.cs using Guid(c756eed1fd7c4ce4ea9707d08816a1c2) Importer(815301076,1909f56bfc062723c751e8b465ee728b)  -> (artifact id: 'aced9950914c092e48ff06370b0c4b74') in 0.002773 seconds 
========================================================================
Received Import Request.
  Time since last request: 66.700641 seconds.
  path: Assets/Scripts/Objects/GameObj/建筑/餐厅/CookAct.cs
  artifactKey: Guid(c756eed1fd7c4ce4ea9707d08816a1c2) Importer(815301076,1909f56bfc062723c751e8b465ee728b)
Start importing Assets/Scripts/Objects/GameObj/建筑/餐厅/CookAct.cs using Guid(c756eed1fd7c4ce4ea9707d08816a1c2) Importer(815301076,1909f56bfc062723c751e8b465ee728b)  -> (artifact id: '8e870f3f07a3f422aa3ab8db442e324c') in 0.003027 seconds 
========================================================================
Received Import Request.
  Time since last request: 7.291310 seconds.
  path: Assets/Scripts/Objects/GameObj/建筑/餐厅/CookAct.cs
  artifactKey: Guid(c756eed1fd7c4ce4ea9707d08816a1c2) Importer(815301076,1909f56bfc062723c751e8b465ee728b)
Start importing Assets/Scripts/Objects/GameObj/建筑/餐厅/CookAct.cs using Guid(c756eed1fd7c4ce4ea9707d08816a1c2) Importer(815301076,1909f56bfc062723c751e8b465ee728b)  -> (artifact id: '9104c3b7938d8babb31775ac1ab7236e') in 0.002682 seconds 
========================================================================
Received Import Request.
  Time since last request: 8.694555 seconds.
  path: Assets/Scripts/Objects/GameObj/建筑/餐厅/CookAct.cs
  artifactKey: Guid(c756eed1fd7c4ce4ea9707d08816a1c2) Importer(815301076,1909f56bfc062723c751e8b465ee728b)
Start importing Assets/Scripts/Objects/GameObj/建筑/餐厅/CookAct.cs using Guid(c756eed1fd7c4ce4ea9707d08816a1c2) Importer(815301076,1909f56bfc062723c751e8b465ee728b)  -> (artifact id: 'a9b008d44dd17f18b5dbb3ef006e9c44') in 0.004034 seconds 
========================================================================
Received Import Request.
  Time since last request: 3.897930 seconds.
  path: Assets/Scripts/Objects/GameObj/建筑/餐厅/CookAct.cs
  artifactKey: Guid(c756eed1fd7c4ce4ea9707d08816a1c2) Importer(815301076,1909f56bfc062723c751e8b465ee728b)
Start importing Assets/Scripts/Objects/GameObj/建筑/餐厅/CookAct.cs using Guid(c756eed1fd7c4ce4ea9707d08816a1c2) Importer(815301076,1909f56bfc062723c751e8b465ee728b)  -> (artifact id: '7092cd8ca65498175a655e886d907240') in 0.002713 seconds 
========================================================================
Received Import Request.
  Time since last request: 12.234287 seconds.
  path: Assets/Scripts/Objects/GameObj/建筑/餐厅/CookAct.cs
  artifactKey: Guid(c756eed1fd7c4ce4ea9707d08816a1c2) Importer(815301076,1909f56bfc062723c751e8b465ee728b)
Start importing Assets/Scripts/Objects/GameObj/建筑/餐厅/CookAct.cs using Guid(c756eed1fd7c4ce4ea9707d08816a1c2) Importer(815301076,1909f56bfc062723c751e8b465ee728b)  -> (artifact id: 'f24206db89e2adfa5d5093176675f358') in 0.002766 seconds 
========================================================================
Received Import Request.
  Time since last request: 11.225223 seconds.
  path: Assets/Scripts/Objects/GameObj/建筑/餐厅/CookAct.cs
  artifactKey: Guid(c756eed1fd7c4ce4ea9707d08816a1c2) Importer(815301076,1909f56bfc062723c751e8b465ee728b)
Start importing Assets/Scripts/Objects/GameObj/建筑/餐厅/CookAct.cs using Guid(c756eed1fd7c4ce4ea9707d08816a1c2) Importer(815301076,1909f56bfc062723c751e8b465ee728b)  -> (artifact id: 'baec7fb7d3fa680893b5dc246465bdb8') in 0.002699 seconds 
========================================================================
Received Import Request.
  Time since last request: 22.283913 seconds.
  path: Assets/Scripts/Objects/GameObj/建筑/餐厅/CookAct.cs
  artifactKey: Guid(c756eed1fd7c4ce4ea9707d08816a1c2) Importer(815301076,1909f56bfc062723c751e8b465ee728b)
Start importing Assets/Scripts/Objects/GameObj/建筑/餐厅/CookAct.cs using Guid(c756eed1fd7c4ce4ea9707d08816a1c2) Importer(815301076,1909f56bfc062723c751e8b465ee728b)  -> (artifact id: '1a225406194c8df226be0dc25743bab6') in 0.002881 seconds 
========================================================================
Received Import Request.
  Time since last request: 29.514479 seconds.
  path: Assets/Scripts/Objects/GameObj/建筑/餐厅/CookAct.cs
  artifactKey: Guid(c756eed1fd7c4ce4ea9707d08816a1c2) Importer(815301076,1909f56bfc062723c751e8b465ee728b)
Start importing Assets/Scripts/Objects/GameObj/建筑/餐厅/CookAct.cs using Guid(c756eed1fd7c4ce4ea9707d08816a1c2) Importer(815301076,1909f56bfc062723c751e8b465ee728b)  -> (artifact id: 'cafe8b40d502d60bda5fe46f0c063fd1') in 0.002753 seconds 
========================================================================
Received Import Request.
  Time since last request: 32.067137 seconds.
  path: Assets/Scripts/Objects/GameObj/建筑/餐厅/CookAct.cs
  artifactKey: Guid(c756eed1fd7c4ce4ea9707d08816a1c2) Importer(815301076,1909f56bfc062723c751e8b465ee728b)
Start importing Assets/Scripts/Objects/GameObj/建筑/餐厅/CookAct.cs using Guid(c756eed1fd7c4ce4ea9707d08816a1c2) Importer(815301076,1909f56bfc062723c751e8b465ee728b)  -> (artifact id: 'c05de9a0614014cc35d5d8c5a56b738d') in 0.002808 seconds 
========================================================================
Received Import Request.
  Time since last request: 293.335508 seconds.
  path: Assets/Scripts/Objects/GameObj/建筑/餐厅/CookAct.cs
  artifactKey: Guid(c756eed1fd7c4ce4ea9707d08816a1c2) Importer(815301076,1909f56bfc062723c751e8b465ee728b)
Start importing Assets/Scripts/Objects/GameObj/建筑/餐厅/CookAct.cs using Guid(c756eed1fd7c4ce4ea9707d08816a1c2) Importer(815301076,1909f56bfc062723c751e8b465ee728b)  -> (artifact id: 'bf43a5931cc94ef356d3e4f6479bf330') in 0.002803 seconds 
========================================================================
Received Import Request.
  Time since last request: 287.073960 seconds.
  path: Assets/Scripts/Objects/GameObj/建筑/餐厅/CookAct.cs
  artifactKey: Guid(c756eed1fd7c4ce4ea9707d08816a1c2) Importer(815301076,1909f56bfc062723c751e8b465ee728b)
Start importing Assets/Scripts/Objects/GameObj/建筑/餐厅/CookAct.cs using Guid(c756eed1fd7c4ce4ea9707d08816a1c2) Importer(815301076,1909f56bfc062723c751e8b465ee728b)  -> (artifact id: '490f5df306fa6dc986ec35d0d50e289b') in 0.002781 seconds 
========================================================================
Received Import Request.
  Time since last request: 1.860424 seconds.
  path: Assets/Scripts/Objects/GameObj/建筑/餐厅/CookAct.cs
  artifactKey: Guid(c756eed1fd7c4ce4ea9707d08816a1c2) Importer(815301076,1909f56bfc062723c751e8b465ee728b)
Start importing Assets/Scripts/Objects/GameObj/建筑/餐厅/CookAct.cs using Guid(c756eed1fd7c4ce4ea9707d08816a1c2) Importer(815301076,1909f56bfc062723c751e8b465ee728b)  -> (artifact id: '1ddcddd10d05d228a4b311272783c814') in 0.002620 seconds 
========================================================================
Received Import Request.
  Time since last request: 7.915493 seconds.
  path: Assets/Scripts/Objects/GameObj/建筑/餐厅/CookAct.cs
  artifactKey: Guid(c756eed1fd7c4ce4ea9707d08816a1c2) Importer(815301076,1909f56bfc062723c751e8b465ee728b)
Start importing Assets/Scripts/Objects/GameObj/建筑/餐厅/CookAct.cs using Guid(c756eed1fd7c4ce4ea9707d08816a1c2) Importer(815301076,1909f56bfc062723c751e8b465ee728b)  -> (artifact id: 'a6cd89dab4c92fe0961c6139a107eb36') in 0.004002 seconds 
========================================================================
Received Import Request.
  Time since last request: 116.279453 seconds.
  path: Assets/Scripts/Objects/GameObj/建筑/餐厅/CookAct.cs
  artifactKey: Guid(c756eed1fd7c4ce4ea9707d08816a1c2) Importer(815301076,1909f56bfc062723c751e8b465ee728b)
Start importing Assets/Scripts/Objects/GameObj/建筑/餐厅/CookAct.cs using Guid(c756eed1fd7c4ce4ea9707d08816a1c2) Importer(815301076,1909f56bfc062723c751e8b465ee728b)  -> (artifact id: 'a63630dcc5d3d91e897e71b278cbea82') in 0.003410 seconds 
========================================================================
Received Import Request.
  Time since last request: 93.977489 seconds.
  path: Assets/Scripts/Objects/GameObj/建筑/餐厅/CookAct.cs
  artifactKey: Guid(c756eed1fd7c4ce4ea9707d08816a1c2) Importer(815301076,1909f56bfc062723c751e8b465ee728b)
Start importing Assets/Scripts/Objects/GameObj/建筑/餐厅/CookAct.cs using Guid(c756eed1fd7c4ce4ea9707d08816a1c2) Importer(815301076,1909f56bfc062723c751e8b465ee728b)  -> (artifact id: 'f2637123c3409dc9f11a6eaca5b25ebd') in 0.003060 seconds 
========================================================================
Received Import Request.
  Time since last request: 5.363530 seconds.
  path: Assets/Scripts/Objects/GameObj/建筑/餐厅/CookAct.cs
  artifactKey: Guid(c756eed1fd7c4ce4ea9707d08816a1c2) Importer(815301076,1909f56bfc062723c751e8b465ee728b)
Start importing Assets/Scripts/Objects/GameObj/建筑/餐厅/CookAct.cs using Guid(c756eed1fd7c4ce4ea9707d08816a1c2) Importer(815301076,1909f56bfc062723c751e8b465ee728b)  -> (artifact id: '3323bf102ddff7978cabd65bd9c88499') in 0.003286 seconds 
========================================================================
Received Import Request.
  Time since last request: 10.530284 seconds.
  path: Assets/Scripts/Objects/GameObj/建筑/餐厅/CookAct.cs
  artifactKey: Guid(c756eed1fd7c4ce4ea9707d08816a1c2) Importer(815301076,1909f56bfc062723c751e8b465ee728b)
Start importing Assets/Scripts/Objects/GameObj/建筑/餐厅/CookAct.cs using Guid(c756eed1fd7c4ce4ea9707d08816a1c2) Importer(815301076,1909f56bfc062723c751e8b465ee728b)  -> (artifact id: 'b54dba3e82836f625c1062adcd300f23') in 0.003422 seconds 
========================================================================
Received Import Request.
  Time since last request: 2.974407 seconds.
  path: Assets/Scripts/Objects/GameObj/建筑/餐厅/CookAct.cs
  artifactKey: Guid(c756eed1fd7c4ce4ea9707d08816a1c2) Importer(815301076,1909f56bfc062723c751e8b465ee728b)
Start importing Assets/Scripts/Objects/GameObj/建筑/餐厅/CookAct.cs using Guid(c756eed1fd7c4ce4ea9707d08816a1c2) Importer(815301076,1909f56bfc062723c751e8b465ee728b)  -> (artifact id: '9fd77a1cd050d88b849ad81ecf1a7e77') in 0.002943 seconds 
========================================================================
Received Import Request.
  Time since last request: 12.670521 seconds.
  path: Assets/Scripts/Objects/GameObj/建筑/餐厅/CookAct.cs
  artifactKey: Guid(c756eed1fd7c4ce4ea9707d08816a1c2) Importer(815301076,1909f56bfc062723c751e8b465ee728b)
Start importing Assets/Scripts/Objects/GameObj/建筑/餐厅/CookAct.cs using Guid(c756eed1fd7c4ce4ea9707d08816a1c2) Importer(815301076,1909f56bfc062723c751e8b465ee728b)  -> (artifact id: 'd83d15ace0f686020e89639821980d70') in 0.003212 seconds 
========================================================================
Received Import Request.
  Time since last request: 6.775912 seconds.
  path: Assets/Scripts/Objects/GameObj/建筑/餐厅/CookAct.cs
  artifactKey: Guid(c756eed1fd7c4ce4ea9707d08816a1c2) Importer(815301076,1909f56bfc062723c751e8b465ee728b)
Start importing Assets/Scripts/Objects/GameObj/建筑/餐厅/CookAct.cs using Guid(c756eed1fd7c4ce4ea9707d08816a1c2) Importer(815301076,1909f56bfc062723c751e8b465ee728b)  -> (artifact id: 'a31221a2ac396cc9b397b30528096cdf') in 0.002717 seconds 
========================================================================
Received Import Request.
  Time since last request: 9.726625 seconds.
  path: Assets/Scripts/Objects/GameObj/建筑/餐厅/CookAct.cs
  artifactKey: Guid(c756eed1fd7c4ce4ea9707d08816a1c2) Importer(815301076,1909f56bfc062723c751e8b465ee728b)
Start importing Assets/Scripts/Objects/GameObj/建筑/餐厅/CookAct.cs using Guid(c756eed1fd7c4ce4ea9707d08816a1c2) Importer(815301076,1909f56bfc062723c751e8b465ee728b)  -> (artifact id: '9ed4367c92483019ae817bf2b6715126') in 0.002845 seconds 
========================================================================
Received Import Request.
  Time since last request: 17.455091 seconds.
  path: Assets/Scripts/Objects/GameObj/建筑/餐厅/CookAct.cs
  artifactKey: Guid(c756eed1fd7c4ce4ea9707d08816a1c2) Importer(815301076,1909f56bfc062723c751e8b465ee728b)
Start importing Assets/Scripts/Objects/GameObj/建筑/餐厅/CookAct.cs using Guid(c756eed1fd7c4ce4ea9707d08816a1c2) Importer(815301076,1909f56bfc062723c751e8b465ee728b)  -> (artifact id: '3b0a96d2c4d240c1373a770918c8b3e7') in 0.003847 seconds 
========================================================================
Received Import Request.
  Time since last request: 2.924708 seconds.
  path: Assets/Scripts/Objects/GameObj/建筑/餐厅/CookAct.cs
  artifactKey: Guid(c756eed1fd7c4ce4ea9707d08816a1c2) Importer(815301076,1909f56bfc062723c751e8b465ee728b)
Start importing Assets/Scripts/Objects/GameObj/建筑/餐厅/CookAct.cs using Guid(c756eed1fd7c4ce4ea9707d08816a1c2) Importer(815301076,1909f56bfc062723c751e8b465ee728b)  -> (artifact id: '26b2ea085ca66877347818cef89a5eae') in 0.002880 seconds 
========================================================================
Received Import Request.
  Time since last request: 1.853545 seconds.
  path: Assets/Scripts/Objects/GameObj/建筑/餐厅/CookAct.cs
  artifactKey: Guid(c756eed1fd7c4ce4ea9707d08816a1c2) Importer(815301076,1909f56bfc062723c751e8b465ee728b)
Start importing Assets/Scripts/Objects/GameObj/建筑/餐厅/CookAct.cs using Guid(c756eed1fd7c4ce4ea9707d08816a1c2) Importer(815301076,1909f56bfc062723c751e8b465ee728b)  -> (artifact id: '8c0c6fbc9914d987f09485fc4402e8be') in 0.002864 seconds 
========================================================================
Received Import Request.
  Time since last request: 8.126879 seconds.
  path: Assets/Scripts/Objects/GameObj/建筑/餐厅/CookAct.cs
  artifactKey: Guid(c756eed1fd7c4ce4ea9707d08816a1c2) Importer(815301076,1909f56bfc062723c751e8b465ee728b)
Start importing Assets/Scripts/Objects/GameObj/建筑/餐厅/CookAct.cs using Guid(c756eed1fd7c4ce4ea9707d08816a1c2) Importer(815301076,1909f56bfc062723c751e8b465ee728b)  -> (artifact id: 'd5286a79d0e15c57fc50a8f09353b1d1') in 0.003021 seconds 
========================================================================
Received Import Request.
  Time since last request: 5.305189 seconds.
  path: Assets/Scripts/Objects/GameObj/建筑/餐厅/CookAct.cs
  artifactKey: Guid(c756eed1fd7c4ce4ea9707d08816a1c2) Importer(815301076,1909f56bfc062723c751e8b465ee728b)
Start importing Assets/Scripts/Objects/GameObj/建筑/餐厅/CookAct.cs using Guid(c756eed1fd7c4ce4ea9707d08816a1c2) Importer(815301076,1909f56bfc062723c751e8b465ee728b)  -> (artifact id: 'f389e7a6769fd90c25f0670ce3038b0f') in 0.003622 seconds 
========================================================================
Received Import Request.
  Time since last request: 28.842395 seconds.
  path: Assets/Scripts/Objects/GameObj/建筑/餐厅/CookAct.cs
  artifactKey: Guid(c756eed1fd7c4ce4ea9707d08816a1c2) Importer(815301076,1909f56bfc062723c751e8b465ee728b)
Start importing Assets/Scripts/Objects/GameObj/建筑/餐厅/CookAct.cs using Guid(c756eed1fd7c4ce4ea9707d08816a1c2) Importer(815301076,1909f56bfc062723c751e8b465ee728b)  -> (artifact id: 'a34c3e98a20c285f072ac01059ea35eb') in 0.002968 seconds 
========================================================================
Received Import Request.
  Time since last request: 8.998276 seconds.
  path: Assets/Scripts/Objects/GameObj/建筑/餐厅/CookAct.cs
  artifactKey: Guid(c756eed1fd7c4ce4ea9707d08816a1c2) Importer(815301076,1909f56bfc062723c751e8b465ee728b)
Start importing Assets/Scripts/Objects/GameObj/建筑/餐厅/CookAct.cs using Guid(c756eed1fd7c4ce4ea9707d08816a1c2) Importer(815301076,1909f56bfc062723c751e8b465ee728b)  -> (artifact id: '066a26087da7f5a4177cc1e03aca135d') in 0.003069 seconds 
========================================================================
Received Import Request.
  Time since last request: 30.077090 seconds.
  path: Assets/Scripts/Objects/GameObj/建筑/餐厅/CookAct.cs
  artifactKey: Guid(c756eed1fd7c4ce4ea9707d08816a1c2) Importer(815301076,1909f56bfc062723c751e8b465ee728b)
Start importing Assets/Scripts/Objects/GameObj/建筑/餐厅/CookAct.cs using Guid(c756eed1fd7c4ce4ea9707d08816a1c2) Importer(815301076,1909f56bfc062723c751e8b465ee728b)  -> (artifact id: '653131bff5f050d1632ec3e6a088510e') in 0.003047 seconds 
========================================================================
Received Import Request.
  Time since last request: 17.308799 seconds.
  path: Assets/Scripts/Objects/GameObj/建筑/餐厅/CookAct.cs
  artifactKey: Guid(c756eed1fd7c4ce4ea9707d08816a1c2) Importer(815301076,1909f56bfc062723c751e8b465ee728b)
Start importing Assets/Scripts/Objects/GameObj/建筑/餐厅/CookAct.cs using Guid(c756eed1fd7c4ce4ea9707d08816a1c2) Importer(815301076,1909f56bfc062723c751e8b465ee728b)  -> (artifact id: 'caa28b46f69d9b87b021c028f7c990f2') in 0.003612 seconds 
========================================================================
Received Import Request.
  Time since last request: 9.726091 seconds.
  path: Assets/Scripts/Objects/GameObj/建筑/餐厅/CookAct.cs
  artifactKey: Guid(c756eed1fd7c4ce4ea9707d08816a1c2) Importer(815301076,1909f56bfc062723c751e8b465ee728b)
Start importing Assets/Scripts/Objects/GameObj/建筑/餐厅/CookAct.cs using Guid(c756eed1fd7c4ce4ea9707d08816a1c2) Importer(815301076,1909f56bfc062723c751e8b465ee728b)  -> (artifact id: 'c5f06e04c6448f69afd18cee6fe0920e') in 0.002862 seconds 
========================================================================
Received Import Request.
  Time since last request: 8.662220 seconds.
  path: Assets/Scripts/Objects/GameObj/建筑/餐厅/CookAct.cs
  artifactKey: Guid(c756eed1fd7c4ce4ea9707d08816a1c2) Importer(815301076,1909f56bfc062723c751e8b465ee728b)
Start importing Assets/Scripts/Objects/GameObj/建筑/餐厅/CookAct.cs using Guid(c756eed1fd7c4ce4ea9707d08816a1c2) Importer(815301076,1909f56bfc062723c751e8b465ee728b)  -> (artifact id: 'b38adfe5b7d1b0362c3bc7070faed70f') in 0.003317 seconds 
========================================================================
Received Import Request.
  Time since last request: 7.537977 seconds.
  path: Assets/Scripts/Objects/GameObj/建筑/餐厅/CookAct.cs
  artifactKey: Guid(c756eed1fd7c4ce4ea9707d08816a1c2) Importer(815301076,1909f56bfc062723c751e8b465ee728b)
Start importing Assets/Scripts/Objects/GameObj/建筑/餐厅/CookAct.cs using Guid(c756eed1fd7c4ce4ea9707d08816a1c2) Importer(815301076,1909f56bfc062723c751e8b465ee728b)  -> (artifact id: 'dfea5b026feaaf482fffcca0a8b795a0') in 0.002638 seconds 
========================================================================
Received Import Request.
  Time since last request: 4.973492 seconds.
  path: Assets/Scripts/Objects/GameObj/建筑/餐厅/CookAct.cs
  artifactKey: Guid(c756eed1fd7c4ce4ea9707d08816a1c2) Importer(815301076,1909f56bfc062723c751e8b465ee728b)
Start importing Assets/Scripts/Objects/GameObj/建筑/餐厅/CookAct.cs using Guid(c756eed1fd7c4ce4ea9707d08816a1c2) Importer(815301076,1909f56bfc062723c751e8b465ee728b)  -> (artifact id: '6599b04468668bba233b3588a9d2eed7') in 0.002792 seconds 
========================================================================
Received Import Request.
  Time since last request: 14.962414 seconds.
  path: Assets/Scripts/Objects/GameObj/建筑/餐厅/CookAct.cs
  artifactKey: Guid(c756eed1fd7c4ce4ea9707d08816a1c2) Importer(815301076,1909f56bfc062723c751e8b465ee728b)
Start importing Assets/Scripts/Objects/GameObj/建筑/餐厅/CookAct.cs using Guid(c756eed1fd7c4ce4ea9707d08816a1c2) Importer(815301076,1909f56bfc062723c751e8b465ee728b)  -> (artifact id: '76811a0efcb3f8eb5534e4c31c3a6934') in 0.003553 seconds 
========================================================================
Received Import Request.
  Time since last request: 34.371955 seconds.
  path: Assets/Scripts/Objects/GameObj/建筑/餐厅/CookAct.cs
  artifactKey: Guid(c756eed1fd7c4ce4ea9707d08816a1c2) Importer(815301076,1909f56bfc062723c751e8b465ee728b)
Start importing Assets/Scripts/Objects/GameObj/建筑/餐厅/CookAct.cs using Guid(c756eed1fd7c4ce4ea9707d08816a1c2) Importer(815301076,1909f56bfc062723c751e8b465ee728b)  -> (artifact id: '24f4ee927c57b4f92cf69a203f621b92') in 0.003137 seconds 
========================================================================
Received Import Request.
  Time since last request: 94.286638 seconds.
  path: Assets/Scripts/Objects/GameObj/建筑/餐厅/CookAct.cs
  artifactKey: Guid(c756eed1fd7c4ce4ea9707d08816a1c2) Importer(815301076,1909f56bfc062723c751e8b465ee728b)
Start importing Assets/Scripts/Objects/GameObj/建筑/餐厅/CookAct.cs using Guid(c756eed1fd7c4ce4ea9707d08816a1c2) Importer(815301076,1909f56bfc062723c751e8b465ee728b)  -> (artifact id: '9eb4bf0e8b1cc475663da8b8dcab84ea') in 0.003076 seconds 
========================================================================
Received Import Request.
  Time since last request: 12.549086 seconds.
  path: Assets/Scripts/Objects/GameObj/建筑/餐厅/CookAct.cs
  artifactKey: Guid(c756eed1fd7c4ce4ea9707d08816a1c2) Importer(815301076,1909f56bfc062723c751e8b465ee728b)
Start importing Assets/Scripts/Objects/GameObj/建筑/餐厅/CookAct.cs using Guid(c756eed1fd7c4ce4ea9707d08816a1c2) Importer(815301076,1909f56bfc062723c751e8b465ee728b)  -> (artifact id: '690f2a5a2c2d3ebb7304503f932859ff') in 0.002933 seconds 
========================================================================
Received Import Request.
  Time since last request: 79.435144 seconds.
  path: Assets/Scripts/Objects/GameObj/建筑/餐厅/CookAct.cs
  artifactKey: Guid(c756eed1fd7c4ce4ea9707d08816a1c2) Importer(815301076,1909f56bfc062723c751e8b465ee728b)
Start importing Assets/Scripts/Objects/GameObj/建筑/餐厅/CookAct.cs using Guid(c756eed1fd7c4ce4ea9707d08816a1c2) Importer(815301076,1909f56bfc062723c751e8b465ee728b)  -> (artifact id: 'e2e1fffb8e47ff0d07f48ca038103ef6') in 0.003908 seconds 
========================================================================
Received Import Request.
  Time since last request: 264.610526 seconds.
  path: Assets/Scripts/Objects/GameObj/建筑/餐厅/CookAct.cs
  artifactKey: Guid(c756eed1fd7c4ce4ea9707d08816a1c2) Importer(815301076,1909f56bfc062723c751e8b465ee728b)
Start importing Assets/Scripts/Objects/GameObj/建筑/餐厅/CookAct.cs using Guid(c756eed1fd7c4ce4ea9707d08816a1c2) Importer(815301076,1909f56bfc062723c751e8b465ee728b)  -> (artifact id: '3cf75453c0558b0b380356303d4e8953') in 0.003090 seconds 
========================================================================
Received Import Request.
  Time since last request: 7.189766 seconds.
  path: Assets/Scripts/Objects/GameObj/建筑/餐厅/CookAct.cs
  artifactKey: Guid(c756eed1fd7c4ce4ea9707d08816a1c2) Importer(815301076,1909f56bfc062723c751e8b465ee728b)
Start importing Assets/Scripts/Objects/GameObj/建筑/餐厅/CookAct.cs using Guid(c756eed1fd7c4ce4ea9707d08816a1c2) Importer(815301076,1909f56bfc062723c751e8b465ee728b)  -> (artifact id: 'a5281ce4f187d9516f9b4ca5610f39ed') in 0.002938 seconds 
========================================================================
Received Import Request.
  Time since last request: 639.174872 seconds.
  path: Assets/Scripts/Objects/GameObj/建筑/餐厅/CookAct.cs
  artifactKey: Guid(c756eed1fd7c4ce4ea9707d08816a1c2) Importer(815301076,1909f56bfc062723c751e8b465ee728b)
Start importing Assets/Scripts/Objects/GameObj/建筑/餐厅/CookAct.cs using Guid(c756eed1fd7c4ce4ea9707d08816a1c2) Importer(815301076,1909f56bfc062723c751e8b465ee728b)  -> (artifact id: '96acf7a968729f2a2830f5bb992fdecf') in 0.003412 seconds 
========================================================================
Received Import Request.
  Time since last request: 14.925494 seconds.
  path: Assets/Scripts/Objects/GameObj/建筑/餐厅/CookAct.cs
  artifactKey: Guid(c756eed1fd7c4ce4ea9707d08816a1c2) Importer(815301076,1909f56bfc062723c751e8b465ee728b)
Start importing Assets/Scripts/Objects/GameObj/建筑/餐厅/CookAct.cs using Guid(c756eed1fd7c4ce4ea9707d08816a1c2) Importer(815301076,1909f56bfc062723c751e8b465ee728b)  -> (artifact id: 'abdcdacf72415c62fb845b989e983a8b') in 0.002689 seconds 
